<?xml version="1.0" encoding="UTF-8"?>
<testng-results skipped="0" failed="0" ignored="0" total="3" passed="3">
  <reporter-output>
  </reporter-output>
  <suite name="Default suite" duration-ms="14270" started-at="2019-02-07T05:42:54Z" finished-at="2019-02-07T05:43:08Z">
    <groups>
    </groups>
    <test name="Default test" duration-ms="14270" started-at="2019-02-07T05:42:54Z" finished-at="2019-02-07T05:43:08Z">
      <class name="example.Test1">
        <test-method status="PASS" signature="beforeTest()[pri:0, instance:example.Test1@617faa95]" name="beforeTest" is-config="true" duration-ms="8872" started-at="2019-02-07T05:42:54Z" finished-at="2019-02-07T05:43:03Z">
          <reporter-output>
          </reporter-output>
        </test-method> <!-- beforeTest -->
        <test-method status="PASS" signature="beforeMethod()[pri:0, instance:example.Test1@617faa95]" name="beforeMethod" is-config="true" duration-ms="0" started-at="2019-02-07T05:43:03Z" finished-at="2019-02-07T05:43:03Z">
          <reporter-output>
          </reporter-output>
        </test-method> <!-- beforeMethod -->
        <test-method status="PASS" signature="logout()[pri:0, instance:example.Test1@617faa95]" name="logout" duration-ms="7" started-at="2019-02-07T05:43:03Z" finished-at="2019-02-07T05:43:03Z">
          <reporter-output>
          </reporter-output>
        </test-method> <!-- logout -->
        <test-method status="PASS" signature="afterMethod()[pri:0, instance:example.Test1@617faa95]" name="afterMethod" is-config="true" duration-ms="0" started-at="2019-02-07T05:43:03Z" finished-at="2019-02-07T05:43:03Z">
          <reporter-output>
          </reporter-output>
        </test-method> <!-- afterMethod -->
        <test-method status="PASS" signature="beforeMethod()[pri:0, instance:example.Test1@617faa95]" name="beforeMethod" is-config="true" duration-ms="1" started-at="2019-02-07T05:43:03Z" finished-at="2019-02-07T05:43:03Z">
          <reporter-output>
          </reporter-output>
        </test-method> <!-- beforeMethod -->
        <test-method status="PASS" signature="login()[pri:1, instance:example.Test1@617faa95]" name="login" duration-ms="2748" started-at="2019-02-07T05:43:03Z" finished-at="2019-02-07T05:43:05Z">
          <reporter-output>
          </reporter-output>
        </test-method> <!-- login -->
        <test-method status="PASS" signature="afterMethod()[pri:0, instance:example.Test1@617faa95]" name="afterMethod" is-config="true" duration-ms="3" started-at="2019-02-07T05:43:05Z" finished-at="2019-02-07T05:43:05Z">
          <reporter-output>
          </reporter-output>
        </test-method> <!-- afterMethod -->
        <test-method status="PASS" signature="beforeMethod()[pri:0, instance:example.Test1@617faa95]" name="beforeMethod" is-config="true" duration-ms="0" started-at="2019-02-07T05:43:05Z" finished-at="2019-02-07T05:43:05Z">
          <reporter-output>
          </reporter-output>
        </test-method> <!-- beforeMethod -->
        <test-method status="PASS" signature="search()[pri:2, instance:example.Test1@617faa95]" name="search" duration-ms="2583" started-at="2019-02-07T05:43:05Z" depends-on-methods="example.Test1.login" finished-at="2019-02-07T05:43:08Z">
          <reporter-output>
          </reporter-output>
        </test-method> <!-- search -->
        <test-method status="PASS" signature="afterMethod()[pri:0, instance:example.Test1@617faa95]" name="afterMethod" is-config="true" duration-ms="0" started-at="2019-02-07T05:43:08Z" finished-at="2019-02-07T05:43:08Z">
          <reporter-output>
          </reporter-output>
        </test-method> <!-- afterMethod -->
        <test-method status="PASS" signature="afterTest()[pri:0, instance:example.Test1@617faa95]" name="afterTest" is-config="true" duration-ms="1" started-at="2019-02-07T05:43:08Z" finished-at="2019-02-07T05:43:08Z">
          <reporter-output>
          </reporter-output>
        </test-method> <!-- afterTest -->
      </class> <!-- example.Test1 -->
    </test> <!-- Default test -->
  </suite> <!-- Default suite -->
</testng-results>
